<?xml version="1.0" encoding="UTF-8"?>
<testsuite name="ningenme.net.sample.Parallel2Test" tests="4" skipped="0" failures="0" errors="0" timestamp="2021-09-04T08:38:00" hostname="tfuruta-dynabook-KIRA-V63-PS" time="20.038">
  <properties/>
  <testcase name="test1()" classname="ningenme.net.sample.Parallel2Test" time="10.035"/>
  <testcase name="test4()" classname="ningenme.net.sample.Parallel2Test" time="10.031"/>
  <testcase name="test2()" classname="ningenme.net.sample.Parallel2Test" time="10.002"/>
  <testcase name="test3()" classname="ningenme.net.sample.Parallel2Test" time="10.001"/>
  <system-out><![CDATA[]]></system-out>
  <system-err><![CDATA[]]></system-err>
</testsuite>
